# JRE version: OpenJDK Runtime Environment Microsoft-8035246 (17.0.8+7) (build 17.0.8+7-LTS)
# Java VM: OpenJDK 64-Bit Server VM Microsoft-8035246 (17.0.8+7-LTS, mixed mode, sharing, tiered, compressed oops, compressed class ptrs, g1 gc, windows-amd64)
GC Precious Log:
 CPUs: 8 total, 8 available
 Memory: 16167M
 Large Page Support: Disabled
 NUMA Support: Disabled
 Compressed Oops: Enabled (32-bit)
 Heap Region Size: 1M
 Heap Min Capacity: 8M
 Heap Initial Capacity: 254M
 Heap Max Capacity: 2G
 Pre-touch: Disabled
 Parallel Workers: 8
 Concurrent Workers: 2
 Concurrent Refinement Workers: 8
 Periodic GC: Disabled
Heap:
 garbage-first heap   total 294912K, used 215304K [0x0000000080000000, 0x0000000100000000)
  region size 1024K, 38 young (38912K), 7 survivors (7168K)
 Metaspace       used 102095K, committed 103040K, reserved 557056K
  class space    used 14155K, committed 14592K, reserved 425984K
GC Heap History (20 events):
Event: 35.183 GC heap before
{Heap before GC invocations=41 (full 0):
 garbage-first heap   total 215040K, used 174234K [0x0000000080000000, 0x0000000100000000)
  region size 1024K, 47 young (48128K), 2 survivors (2048K)
 Metaspace       used 90354K, committed 91264K, reserved 557056K
  class space    used 12674K, committed 13120K, reserved 425984K
}
Event: 35.188 GC heap after
{Heap after GC invocations=42 (full 0):
 garbage-first heap   total 215040K, used 136974K [0x0000000080000000, 0x0000000100000000)
  region size 1024K, 6 young (6144K), 6 survivors (6144K)
 Metaspace       used 90354K, committed 91264K, reserved 557056K
  class space    used 12674K, committed 13120K, reserved 425984K
}
Event: 35.596 GC heap before
{Heap before GC invocations=43 (full 0):
 garbage-first heap   total 245760K, used 171790K [0x0000000080000000, 0x0000000100000000)
  region size 1024K, 40 young (40960K), 6 survivors (6144K)
 Metaspace       used 93078K, committed 93952K, reserved 557056K
  class space    used 13110K, committed 13504K, reserved 425984K
}
Event: 35.602 GC heap after
{Heap after GC invocations=44 (full 0):
 garbage-first heap   total 245760K, used 139166K [0x0000000080000000, 0x0000000100000000)
  region size 1024K, 2 young (2048K), 2 survivors (2048K)
 Metaspace       used 93078K, committed 93952K, reserved 557056K
  class space    used 13110K, committed 13504K, reserved 425984K
}
Event: 35.712 GC heap before
{Heap before GC invocations=44 (full 0):
 garbage-first heap   total 245760K, used 148382K [0x0000000080000000, 0x0000000100000000)
  region size 1024K, 12 young (12288K), 2 survivors (2048K)
 Metaspace       used 94682K, committed 95616K, reserved 557056K
  class space    used 13286K, committed 13696K, reserved 425984K
}
Event: 35.716 GC heap after
{Heap after GC invocations=45 (full 0):
 garbage-first heap   total 245760K, used 138978K [0x0000000080000000, 0x0000000100000000)
  region size 1024K, 1 young (1024K), 1 survivors (1024K)
 Metaspace       used 94682K, committed 95616K, reserved 557056K
  class space    used 13286K, committed 13696K, reserved 425984K
}
Event: 36.270 GC heap before
{Heap before GC invocations=45 (full 0):
 garbage-first heap   total 245760K, used 197346K [0x0000000080000000, 0x0000000100000000)
  region size 1024K, 58 young (59392K), 1 survivors (1024K)
 Metaspace       used 97332K, committed 98240K, reserved 557056K
  class space    used 13626K, committed 14080K, reserved 425984K
}
Event: 36.277 GC heap after
{Heap after GC invocations=46 (full 0):
 garbage-first heap   total 294912K, used 143732K [0x0000000080000000, 0x0000000100000000)
  region size 1024K, 6 young (6144K), 6 survivors (6144K)
 Metaspace       used 97332K, committed 98240K, reserved 557056K
  class space    used 13626K, committed 14080K, reserved 425984K
}
Event: 37.159 GC heap before
{Heap before GC invocations=46 (full 0):
 garbage-first heap   total 294912K, used 234868K [0x0000000080000000, 0x0000000100000000)
  region size 1024K, 91 young (93184K), 6 survivors (6144K)
 Metaspace       used 100418K, committed 101376K, reserved 557056K
  class space    used 13984K, committed 14464K, reserved 425984K
}
Event: 37.174 GC heap after
{Heap after GC invocations=47 (full 0):
 garbage-first heap   total 294912K, used 154100K [0x0000000080000000, 0x0000000100000000)
  region size 1024K, 12 young (12288K), 12 survivors (12288K)
 Metaspace       used 100418K, committed 101376K, reserved 557056K
  class space    used 13984K, committed 14464K, reserved 425984K
}
Event: 37.853 GC heap before
{Heap before GC invocations=47 (full 0):
 garbage-first heap   total 294912K, used 232948K [0x0000000080000000, 0x0000000100000000)
  region size 1024K, 90 young (92160K), 12 survivors (12288K)
 Metaspace       used 101299K, committed 102208K, reserved 557056K
  class space    used 14089K, committed 14528K, reserved 425984K
}
Event: 37.869 GC heap after
{Heap after GC invocations=48 (full 0):
 garbage-first heap   total 294912K, used 162435K [0x0000000080000000, 0x0000000100000000)
  region size 1024K, 9 young (9216K), 9 survivors (9216K)
 Metaspace       used 101299K, committed 102208K, reserved 557056K
  class space    used 14089K, committed 14528K, reserved 425984K
}
Event: 38.309 GC heap before
{Heap before GC invocations=48 (full 0):
 garbage-first heap   total 294912K, used 240259K [0x0000000080000000, 0x0000000100000000)
  region size 1024K, 82 young (83968K), 9 survivors (9216K)
 Metaspace       used 101361K, committed 102272K, reserved 557056K
  class space    used 14090K, committed 14528K, reserved 425984K
}
Event: 38.315 GC heap after
{Heap after GC invocations=49 (full 0):
 garbage-first heap   total 294912K, used 166367K [0x0000000080000000, 0x0000000100000000)
  region size 1024K, 7 young (7168K), 7 survivors (7168K)
 Metaspace       used 101361K, committed 102272K, reserved 557056K
  class space    used 14090K, committed 14528K, reserved 425984K
}
Event: 38.804 GC heap before
{Heap before GC invocations=49 (full 0):
 garbage-first heap   total 294912K, used 251359K [0x0000000080000000, 0x0000000100000000)
  region size 1024K, 79 young (80896K), 7 survivors (7168K)
 Metaspace       used 101573K, committed 102528K, reserved 557056K
  class space    used 14094K, committed 14528K, reserved 425984K
}
Event: 38.813 GC heap after
{Heap after GC invocations=50 (full 0):
 garbage-first heap   total 294912K, used 171418K [0x0000000080000000, 0x0000000100000000)
  region size 1024K, 8 young (8192K), 8 survivors (8192K)
 Metaspace       used 101573K, committed 102528K, reserved 557056K
  class space    used 14094K, committed 14528K, reserved 425984K
}
Event: 39.262 GC heap before
{Heap before GC invocations=50 (full 0):
 garbage-first heap   total 294912K, used 248218K [0x0000000080000000, 0x0000000100000000)
  region size 1024K, 76 young (77824K), 8 survivors (8192K)
 Metaspace       used 101777K, committed 102720K, reserved 557056K
  class space    used 14113K, committed 14592K, reserved 425984K
}
Event: 39.269 GC heap after
{Heap after GC invocations=51 (full 0):
 garbage-first heap   total 294912K, used 176591K [0x0000000080000000, 0x0000000100000000)
  region size 1024K, 8 young (8192K), 8 survivors (8192K)
 Metaspace       used 101777K, committed 102720K, reserved 557056K
  class space    used 14113K, committed 14592K, reserved 425984K
}
Event: 39.687 GC heap before
{Heap before GC invocations=51 (full 0):
 garbage-first heap   total 294912K, used 249295K [0x0000000080000000, 0x0000000100000000)
  region size 1024K, 72 young (73728K), 8 survivors (8192K)
 Metaspace       used 102046K, committed 102976K, reserved 557056K
  class space    used 14154K, committed 14592K, reserved 425984K
}
Event: 39.695 GC heap after
{Heap after GC invocations=52 (full 0):
 garbage-first heap   total 294912K, used 181512K [0x0000000080000000, 0x0000000100000000)
  region size 1024K, 7 young (7168K), 7 survivors (7168K)
 Metaspace       used 102046K, committed 102976K, reserved 557056K
  class space    used 14154K, committed 14592K, reserved 425984K
}

